<?xml version="1.0" encoding="UTF-8"?>
<!-- Generated by org.testng.reporters.JUnitReportReporter -->
<testsuite hostname="LAPTOP-BFU477EP" failures="0" tests="6" name="testNg.TestNgPractice" time="0.011" errors="0" timestamp="2023-07-16T16:28:23 IST" skipped="1">
  <testcase classname="testNg.TestNgPractice" name="createCustomer1" time="0.001"/>
  <testcase classname="testNg.TestNgPractice" name="createCustomer1" time="0.001"/>
  <testcase classname="testNg.TestNgPractice" name="createCustomer" time="0.007"/>
  <testcase classname="testNg.TestNgPractice" name="modifyCustomer" time="0.001"/>
  <testcase classname="testNg.TestNgPractice" name="deleteCustomer" time="0.001"/>
  <testcase classname="testNg.TestNgPractice" name="deleteCustomer1">
    <skipped/>
  </testcase> <!-- deleteCustomer1 -->
</testsuite> <!-- testNg.TestNgPractice -->
