<?xml version="1.0" encoding="UTF-8"?>
<!-- Generated by org.testng.reporters.JUnitReportReporter -->
<testsuite hostname="LAPTOP-BFU477EP" failures="0" tests="3" name="testNg.dataProviderPractice" time="0.016" errors="0" timestamp="2023-07-17T23:21:13 IST" skipped="0">
  <testcase classname="testNg.dataProviderPractice" name="dataProviderDemo" time="0.013"/>
  <testcase classname="testNg.dataProviderPractice" name="dataProviderDemo" time="0.001"/>
  <testcase classname="testNg.dataProviderPractice" name="dataProviderDemo" time="0.002"/>
</testsuite> <!-- testNg.dataProviderPractice -->
